This file contains any messages produced by compilers while
running configure, to aid debugging if configure makes a mistake.

It was created by odcctools configure 622.3od16, which was
generated by GNU Autoconf 2.71.  Invocation command line was

  $ ./configure --prefix=/usr/usr --target=powerpc-apple-darwin8 --enable-ld64

## --------- ##
## Platform. ##
## --------- ##

hostname = ACER-NEW-ALF
uname -m = i686
uname -r = 3.3.6-341.i686
uname -s = CYGWIN_NT-10.0-22621-WOW64
uname -v = 2022-09-05 11:11 UTC

/usr/bin/uname -p = unknown
/bin/uname -X     = unknown

/bin/arch              = i686
/usr/bin/arch -k       = unknown
/usr/convex/getsysinfo = unknown
/usr/bin/hostinfo      = unknown
/bin/machine           = unknown
/usr/bin/oslevel       = unknown
/bin/universe          = unknown

PATH: /usr/local/bin/
PATH: /usr/bin/
PATH: /cygdrive/c/Program Files/ImageMagick-7.1.1-Q16/
PATH: /cygdrive/c/Program Files/Common Files/Oracle/Java/javapath/
PATH: /cygdrive/c/Program Files (x86)/Embarcadero/Studio/17.0/bin/
PATH: /cygdrive/c/Users/Public/Documents/Embarcadero/Studio/17.0/Bpl/
PATH: /cygdrive/c/Program Files (x86)/Embarcadero/Studio/17.0/bin64/
PATH: /cygdrive/c/Users/Public/Documents/Embarcadero/Studio/17.0/Bpl/Win64/
PATH: /cygdrive/c/WINDOWS/system32/
PATH: /cygdrive/c/WINDOWS/
PATH: /cygdrive/c/WINDOWS/System32/Wbem/
PATH: /cygdrive/c/WINDOWS/System32/WindowsPowerShell/v1.0/
PATH: /cygdrive/c/WINDOWS/System32/OpenSSH/
PATH: /cygdrive/c/Program Files/Git/bin/
PATH: /cygdrive/c/Program Files/PuTTY/
PATH: /cygdrive/c/msys64/usr/bin/
PATH: /cygdrive/c/FPC/2.6.0/bin/i386-Win32/
PATH: /cygdrive/c/Program Files/Microsoft SQL Server/120/Tools/Binn/
PATH: %USERPROFILE%/AppData/Local/Microsoft/WindowsApps/
PATH: /cygdrive/c/Users/superdad/AppData/Local/GitHubDesktop/bin/
PATH: /cygdrive/c/Users/superdad/AppData/Local/Programs/Microsoft VS Code/bin/
PATH: /cygdrive/c/FPC/2.0.0/bin/i386-Win32/
PATH: /cygdrive/c/FPC/2.0.0/bin/i386-Win32/


## ----------- ##
## Core tests. ##
## ----------- ##

configure:2649: looking for aux files: install-sh config.guess config.sub
configure:2662:  trying ./
configure:2673:   ./install-sh found
configure:2691:   ./config.guess found
configure:2691:   ./config.sub found
configure:2816: checking build system type
configure:2831: result: i686-pc-cygwin
configure:2851: checking host system type
configure:2865: result: i686-pc-cygwin
configure:2885: checking target system type
configure:2899: result: powerpc-apple-darwin8
configure:2988: checking for gcc
configure:3020: result: gcc -m32
configure:3373: checking for C compiler version
configure:3382: gcc -m32 --version >&5
gcc (GCC) 11.3.0
Copyright (C) 2021 Free Software Foundation, Inc.
This is free software; see the source for copying conditions.  There is NO
warranty; not even for MERCHANTABILITY or FITNESS FOR A PARTICULAR PURPOSE.

configure:3393: $? = 0
configure:3382: gcc -m32 -v >&5
Using built-in specs.
COLLECT_GCC=gcc
COLLECT_LTO_WRAPPER=/usr/lib/gcc/i686-pc-cygwin/11/lto-wrapper.exe
Target: i686-pc-cygwin
Configured with: /mnt/share/cygpkgs/gcc/gcc.x86/src/gcc-11.3.0/configure --srcdir=/mnt/share/cygpkgs/gcc/gcc.x86/src/gcc-11.3.0 --prefix=/usr --exec-prefix=/usr --localstatedir=/var --sysconfdir=/etc --docdir=/usr/share/doc/gcc --htmldir=/usr/share/doc/gcc/html -C --build=i686-pc-cygwin --host=i686-pc-cygwin --target=i686-pc-cygwin --without-libiconv-prefix --without-libintl-prefix --libexecdir=/usr/lib --with-gcc-major-version-only --enable-shared --enable-shared-libgcc --enable-static --enable-version-specific-runtime-libs --enable-bootstrap --enable-__cxa_atexit --with-dwarf2 --with-arch=i686 --with-tune=generic --disable-sjlj-exceptions --enable-languages=c,c++,fortran,lto,objc,obj-c++,jit --enable-graphite --enable-threads=posix --enable-libatomic --enable-libgomp --enable-libquadmath --enable-libquadmath-support --disable-libssp --enable-libada --disable-symvers --with-gnu-ld --with-gnu-as --with-cloog-include=/usr/include/cloog-isl --without-libiconv-prefix --without-libintl-prefix --with-system-zlib --enable-linker-build-id --with-default-libstdcxx-abi=gcc4-compatible --enable-libstdcxx-filesystem-ts
Thread model: posix
Supported LTO compression algorithms: zlib zstd
gcc version 11.3.0 (GCC) 
configure:3393: $? = 0
configure:3382: gcc -m32 -V >&5
gcc: error: unrecognized command-line option '-V'
gcc: fatal error: no input files
compilation terminated.
configure:3393: $? = 1
configure:3382: gcc -m32 -qversion >&5
gcc: error: unrecognized command-line option '-qversion'; did you mean '--version'?
gcc: fatal error: no input files
compilation terminated.
configure:3393: $? = 1
configure:3382: gcc -m32 -version >&5
gcc: error: unrecognized command-line option '-version'
gcc: fatal error: no input files
compilation terminated.
configure:3393: $? = 1
configure:3413: checking whether the C compiler works
configure:3435: gcc -m32 -fcommon -Wno-deprecated -Wno-attributes -Wno-maybe-uninitialized -Wno-narrowing -Wno-int-conversion -Wno-address -Wall -Wno-implicit-function-declaration -Wno-format -Wno-enum-compare -Wno-unused-result -Wno-unused-variable -Wno-unused-but-set-variable -Wno-deprecated -Wno-deprecated-declarations -Wno-char-subscripts -Wno-strict-aliasing -Wno-shift-negative-value  -m32 conftest.c  >&5
configure:3439: $? = 0
configure:3489: result: yes
configure:3492: checking for C compiler default output file name
configure:3494: result: a.exe
configure:3500: checking for suffix of executables
configure:3507: gcc -m32 -o conftest.exe -fcommon -Wno-deprecated -Wno-attributes -Wno-maybe-uninitialized -Wno-narrowing -Wno-int-conversion -Wno-address -Wall -Wno-implicit-function-declaration -Wno-format -Wno-enum-compare -Wno-unused-result -Wno-unused-variable -Wno-unused-but-set-variable -Wno-deprecated -Wno-deprecated-declarations -Wno-char-subscripts -Wno-strict-aliasing -Wno-shift-negative-value  -m32 conftest.c  >&5
configure:3511: $? = 0
configure:3534: result: .exe
configure:3556: checking whether we are cross compiling
configure:3564: gcc -m32 -o conftest.exe -fcommon -Wno-deprecated -Wno-attributes -Wno-maybe-uninitialized -Wno-narrowing -Wno-int-conversion -Wno-address -Wall -Wno-implicit-function-declaration -Wno-format -Wno-enum-compare -Wno-unused-result -Wno-unused-variable -Wno-unused-but-set-variable -Wno-deprecated -Wno-deprecated-declarations -Wno-char-subscripts -Wno-strict-aliasing -Wno-shift-negative-value  -m32 conftest.c  >&5
configure:3568: $? = 0
configure:3575: ./conftest.exe
configure:3579: $? = 0
configure:3594: result: no
configure:3599: checking for suffix of object files
configure:3622: gcc -m32 -c -fcommon -Wno-deprecated -Wno-attributes -Wno-maybe-uninitialized -Wno-narrowing -Wno-int-conversion -Wno-address -Wall -Wno-implicit-function-declaration -Wno-format -Wno-enum-compare -Wno-unused-result -Wno-unused-variable -Wno-unused-but-set-variable -Wno-deprecated -Wno-deprecated-declarations -Wno-char-subscripts -Wno-strict-aliasing -Wno-shift-negative-value  conftest.c >&5
configure:3626: $? = 0
configure:3648: result: o
configure:3652: checking whether the compiler supports GNU C
configure:3672: gcc -m32 -c -fcommon -Wno-deprecated -Wno-attributes -Wno-maybe-uninitialized -Wno-narrowing -Wno-int-conversion -Wno-address -Wall -Wno-implicit-function-declaration -Wno-format -Wno-enum-compare -Wno-unused-result -Wno-unused-variable -Wno-unused-but-set-variable -Wno-deprecated -Wno-deprecated-declarations -Wno-char-subscripts -Wno-strict-aliasing -Wno-shift-negative-value  conftest.c >&5
configure:3672: $? = 0
configure:3682: result: yes
configure:3693: checking whether gcc -m32 accepts -g
configure:3714: gcc -m32 -c -g  conftest.c >&5
configure:3714: $? = 0
configure:3758: result: yes
configure:3778: checking for gcc -m32 option to enable C11 features
configure:3793: gcc -m32  -c -fcommon -Wno-deprecated -Wno-attributes -Wno-maybe-uninitialized -Wno-narrowing -Wno-int-conversion -Wno-address -Wall -Wno-implicit-function-declaration -Wno-format -Wno-enum-compare -Wno-unused-result -Wno-unused-variable -Wno-unused-but-set-variable -Wno-deprecated -Wno-deprecated-declarations -Wno-char-subscripts -Wno-strict-aliasing -Wno-shift-negative-value  conftest.c >&5
configure:3793: $? = 0
configure:3811: result: none needed
configure:3926: checking for flex
configure:3947: found /usr/bin/flex
configure:3958: result: flex
configure:4007: checking for lex output file root
configure:4020: flex conftest.l
configure:4024: $? = 0
configure:4032: result: lex.yy
configure:4047: checking for lex library
configure:4072: gcc -m32 -o conftest.exe -fcommon -Wno-deprecated -Wno-attributes -Wno-maybe-uninitialized -Wno-narrowing -Wno-int-conversion -Wno-address -Wall -Wno-implicit-function-declaration -Wno-format -Wno-enum-compare -Wno-unused-result -Wno-unused-variable -Wno-unused-but-set-variable -Wno-deprecated -Wno-deprecated-declarations -Wno-char-subscripts -Wno-strict-aliasing -Wno-shift-negative-value  -m32 conftest.c  >&5
configure:4072: $? = 0
configure:4085: result: none needed
configure:4100: checking for library containing yywrap
configure:4130: gcc -m32 -o conftest.exe -fcommon -Wno-deprecated -Wno-attributes -Wno-maybe-uninitialized -Wno-narrowing -Wno-int-conversion -Wno-address -Wall -Wno-implicit-function-declaration -Wno-format -Wno-enum-compare -Wno-unused-result -Wno-unused-variable -Wno-unused-but-set-variable -Wno-deprecated -Wno-deprecated-declarations -Wno-char-subscripts -Wno-strict-aliasing -Wno-shift-negative-value  -m32 conftest.c  >&5
/usr/lib/gcc/i686-pc-cygwin/11/../../../../i686-pc-cygwin/bin/ld: /tmp/ccJQUhyl.o:conftest.c:(.text+0xc): undefined reference to `yywrap'
collect2: error: ld returned 1 exit status
configure:4130: $? = 1
configure: failed program was:
| /* confdefs.h */
| #define PACKAGE_NAME "odcctools"
| #define PACKAGE_TARNAME "odcctools"
| #define PACKAGE_VERSION "622.3od16"
| #define PACKAGE_STRING "odcctools 622.3od16"
| #define PACKAGE_BUGREPORT "odcctools@opendarwin.org"
| #define PACKAGE_URL ""
| /* end confdefs.h.  */
| 
| /* Override any GCC internal prototype to avoid an error.
|    Use char because int might match the return type of a GCC
|    builtin and then its argument prototype would still apply.  */
| char yywrap ();
| int
| main (void)
| {
| return yywrap ();
|   ;
|   return 0;
| }
configure:4130: gcc -m32 -o conftest.exe -fcommon -Wno-deprecated -Wno-attributes -Wno-maybe-uninitialized -Wno-narrowing -Wno-int-conversion -Wno-address -Wall -Wno-implicit-function-declaration -Wno-format -Wno-enum-compare -Wno-unused-result -Wno-unused-variable -Wno-unused-but-set-variable -Wno-deprecated -Wno-deprecated-declarations -Wno-char-subscripts -Wno-strict-aliasing -Wno-shift-negative-value  -m32 conftest.c -lfl   >&5
configure:4130: $? = 0
configure:4150: result: -lfl
configure:4166: checking whether yytext is a pointer
configure:4182: gcc -m32 -c -fcommon -Wno-deprecated -Wno-attributes -Wno-maybe-uninitialized -Wno-narrowing -Wno-int-conversion -Wno-address -Wall -Wno-implicit-function-declaration -Wno-format -Wno-enum-compare -Wno-unused-result -Wno-unused-variable -Wno-unused-but-set-variable -Wno-deprecated -Wno-deprecated-declarations -Wno-char-subscripts -Wno-strict-aliasing -Wno-shift-negative-value  conftest.c >&5
configure:4182: $? = 0
configure:4189: result: yes
configure:4205: checking for bison
configure:4226: found /usr/bin/bison
configure:4237: result: bison -y
configure:4347: checking for a BSD-compatible install
configure:4420: result: /usr/bin/install -c
configure:4431: checking whether ln -s works
configure:4435: result: yes
configure:4495: checking for gcc
configure:4527: result: gcc -m32
configure:4880: checking for C compiler version
configure:4889: gcc -m32 --version >&5
gcc (GCC) 11.3.0
Copyright (C) 2021 Free Software Foundation, Inc.
This is free software; see the source for copying conditions.  There is NO
warranty; not even for MERCHANTABILITY or FITNESS FOR A PARTICULAR PURPOSE.

configure:4900: $? = 0
configure:4889: gcc -m32 -v >&5
Using built-in specs.
COLLECT_GCC=gcc
COLLECT_LTO_WRAPPER=/usr/lib/gcc/i686-pc-cygwin/11/lto-wrapper.exe
Target: i686-pc-cygwin
Configured with: /mnt/share/cygpkgs/gcc/gcc.x86/src/gcc-11.3.0/configure --srcdir=/mnt/share/cygpkgs/gcc/gcc.x86/src/gcc-11.3.0 --prefix=/usr --exec-prefix=/usr --localstatedir=/var --sysconfdir=/etc --docdir=/usr/share/doc/gcc --htmldir=/usr/share/doc/gcc/html -C --build=i686-pc-cygwin --host=i686-pc-cygwin --target=i686-pc-cygwin --without-libiconv-prefix --without-libintl-prefix --libexecdir=/usr/lib --with-gcc-major-version-only --enable-shared --enable-shared-libgcc --enable-static --enable-version-specific-runtime-libs --enable-bootstrap --enable-__cxa_atexit --with-dwarf2 --with-arch=i686 --with-tune=generic --disable-sjlj-exceptions --enable-languages=c,c++,fortran,lto,objc,obj-c++,jit --enable-graphite --enable-threads=posix --enable-libatomic --enable-libgomp --enable-libquadmath --enable-libquadmath-support --disable-libssp --enable-libada --disable-symvers --with-gnu-ld --with-gnu-as --with-cloog-include=/usr/include/cloog-isl --without-libiconv-prefix --without-libintl-prefix --with-system-zlib --enable-linker-build-id --with-default-libstdcxx-abi=gcc4-compatible --enable-libstdcxx-filesystem-ts
Thread model: posix
Supported LTO compression algorithms: zlib zstd
gcc version 11.3.0 (GCC) 
configure:4900: $? = 0
configure:4889: gcc -m32 -V >&5
gcc: error: unrecognized command-line option '-V'
gcc: fatal error: no input files
compilation terminated.
configure:4900: $? = 1
configure:4889: gcc -m32 -qversion >&5
gcc: error: unrecognized command-line option '-qversion'; did you mean '--version'?
gcc: fatal error: no input files
compilation terminated.
configure:4900: $? = 1
configure:4889: gcc -m32 -version >&5
gcc: error: unrecognized command-line option '-version'
gcc: fatal error: no input files
compilation terminated.
configure:4900: $? = 1
configure:4904: checking whether the compiler supports GNU C
configure:4934: result: yes
configure:4945: checking whether gcc -m32 accepts -g
configure:5010: result: yes
configure:5030: checking for gcc -m32 option to enable C11 features
configure:5063: result: none needed
configure:5301: checking for C++ compiler version
configure:5310: g++ -m32 --version >&5
g++ (GCC) 11.3.0
Copyright (C) 2021 Free Software Foundation, Inc.
This is free software; see the source for copying conditions.  There is NO
warranty; not even for MERCHANTABILITY or FITNESS FOR A PARTICULAR PURPOSE.

configure:5321: $? = 0
configure:5310: g++ -m32 -v >&5
Using built-in specs.
COLLECT_GCC=g++
COLLECT_LTO_WRAPPER=/usr/lib/gcc/i686-pc-cygwin/11/lto-wrapper.exe
Target: i686-pc-cygwin
Configured with: /mnt/share/cygpkgs/gcc/gcc.x86/src/gcc-11.3.0/configure --srcdir=/mnt/share/cygpkgs/gcc/gcc.x86/src/gcc-11.3.0 --prefix=/usr --exec-prefix=/usr --localstatedir=/var --sysconfdir=/etc --docdir=/usr/share/doc/gcc --htmldir=/usr/share/doc/gcc/html -C --build=i686-pc-cygwin --host=i686-pc-cygwin --target=i686-pc-cygwin --without-libiconv-prefix --without-libintl-prefix --libexecdir=/usr/lib --with-gcc-major-version-only --enable-shared --enable-shared-libgcc --enable-static --enable-version-specific-runtime-libs --enable-bootstrap --enable-__cxa_atexit --with-dwarf2 --with-arch=i686 --with-tune=generic --disable-sjlj-exceptions --enable-languages=c,c++,fortran,lto,objc,obj-c++,jit --enable-graphite --enable-threads=posix --enable-libatomic --enable-libgomp --enable-libquadmath --enable-libquadmath-support --disable-libssp --enable-libada --disable-symvers --with-gnu-ld --with-gnu-as --with-cloog-include=/usr/include/cloog-isl --without-libiconv-prefix --without-libintl-prefix --with-system-zlib --enable-linker-build-id --with-default-libstdcxx-abi=gcc4-compatible --enable-libstdcxx-filesystem-ts
Thread model: posix
Supported LTO compression algorithms: zlib zstd
gcc version 11.3.0 (GCC) 
configure:5321: $? = 0
configure:5310: g++ -m32 -V >&5
g++: error: unrecognized command-line option '-V'
g++: fatal error: no input files
compilation terminated.
configure:5321: $? = 1
configure:5310: g++ -m32 -qversion >&5
g++: error: unrecognized command-line option '-qversion'; did you mean '--version'?
g++: fatal error: no input files
compilation terminated.
configure:5321: $? = 1
configure:5325: checking whether the compiler supports GNU C++
configure:5345: g++ -m32 -c   conftest.cpp >&5
configure:5345: $? = 0
configure:5355: result: yes
configure:5366: checking whether g++ -m32 accepts -g
configure:5387: g++ -m32 -c -g  conftest.cpp >&5
configure:5387: $? = 0
configure:5431: result: yes
configure:5451: checking for g++ -m32 option to enable C++11 features
configure:5466: g++ -m32  -c -g -O2  conftest.cpp >&5
conftest.cpp: In function 'int main(int, char**)':
conftest.cpp:179:25: warning: empty parentheses were disambiguated as a function declaration [-Wvexing-parse]
  179 |   cxx11test::delegate d2();
      |                         ^~
conftest.cpp:179:25: note: remove parentheses to default-initialize a variable
  179 |   cxx11test::delegate d2();
      |                         ^~
      |                         --
conftest.cpp:179:25: note: or replace parentheses with braces to value-initialize a variable
configure:5466: $? = 0
configure:5484: result: none needed
configure:5597: checking for ranlib
configure:5618: found /usr/bin/ranlib
configure:5629: result: ranlib
configure:5699: checking for ar
configure:5720: found /usr/bin/ar
configure:5731: result: ar
configure:5756: checking for configured assembler targets
configure:5788: result: ppc ppc64 i386 x86_64 arm
configure:5817: checking for stdio.h
configure:5817: gcc -m32 -c -fcommon -Wno-deprecated -Wno-attributes -Wno-maybe-uninitialized -Wno-narrowing -Wno-int-conversion -Wno-address -Wall -Wno-implicit-function-declaration -Wno-format -Wno-enum-compare -Wno-unused-result -Wno-unused-variable -Wno-unused-but-set-variable -Wno-deprecated -Wno-deprecated-declarations -Wno-char-subscripts -Wno-strict-aliasing -Wno-shift-negative-value  conftest.c >&5
configure:5817: $? = 0
configure:5817: result: yes
configure:5817: checking for stdlib.h
configure:5817: gcc -m32 -c -fcommon -Wno-deprecated -Wno-attributes -Wno-maybe-uninitialized -Wno-narrowing -Wno-int-conversion -Wno-address -Wall -Wno-implicit-function-declaration -Wno-format -Wno-enum-compare -Wno-unused-result -Wno-unused-variable -Wno-unused-but-set-variable -Wno-deprecated -Wno-deprecated-declarations -Wno-char-subscripts -Wno-strict-aliasing -Wno-shift-negative-value  conftest.c >&5
configure:5817: $? = 0
configure:5817: result: yes
configure:5817: checking for string.h
configure:5817: gcc -m32 -c -fcommon -Wno-deprecated -Wno-attributes -Wno-maybe-uninitialized -Wno-narrowing -Wno-int-conversion -Wno-address -Wall -Wno-implicit-function-declaration -Wno-format -Wno-enum-compare -Wno-unused-result -Wno-unused-variable -Wno-unused-but-set-variable -Wno-deprecated -Wno-deprecated-declarations -Wno-char-subscripts -Wno-strict-aliasing -Wno-shift-negative-value  conftest.c >&5
configure:5817: $? = 0
configure:5817: result: yes
configure:5817: checking for inttypes.h
configure:5817: gcc -m32 -c -fcommon -Wno-deprecated -Wno-attributes -Wno-maybe-uninitialized -Wno-narrowing -Wno-int-conversion -Wno-address -Wall -Wno-implicit-function-declaration -Wno-format -Wno-enum-compare -Wno-unused-result -Wno-unused-variable -Wno-unused-but-set-variable -Wno-deprecated -Wno-deprecated-declarations -Wno-char-subscripts -Wno-strict-aliasing -Wno-shift-negative-value  conftest.c >&5
configure:5817: $? = 0
configure:5817: result: yes
configure:5817: checking for stdint.h
configure:5817: gcc -m32 -c -fcommon -Wno-deprecated -Wno-attributes -Wno-maybe-uninitialized -Wno-narrowing -Wno-int-conversion -Wno-address -Wall -Wno-implicit-function-declaration -Wno-format -Wno-enum-compare -Wno-unused-result -Wno-unused-variable -Wno-unused-but-set-variable -Wno-deprecated -Wno-deprecated-declarations -Wno-char-subscripts -Wno-strict-aliasing -Wno-shift-negative-value  conftest.c >&5
configure:5817: $? = 0
configure:5817: result: yes
configure:5817: checking for strings.h
configure:5817: gcc -m32 -c -fcommon -Wno-deprecated -Wno-attributes -Wno-maybe-uninitialized -Wno-narrowing -Wno-int-conversion -Wno-address -Wall -Wno-implicit-function-declaration -Wno-format -Wno-enum-compare -Wno-unused-result -Wno-unused-variable -Wno-unused-but-set-variable -Wno-deprecated -Wno-deprecated-declarations -Wno-char-subscripts -Wno-strict-aliasing -Wno-shift-negative-value  conftest.c >&5
configure:5817: $? = 0
configure:5817: result: yes
configure:5817: checking for sys/stat.h
configure:5817: gcc -m32 -c -fcommon -Wno-deprecated -Wno-attributes -Wno-maybe-uninitialized -Wno-narrowing -Wno-int-conversion -Wno-address -Wall -Wno-implicit-function-declaration -Wno-format -Wno-enum-compare -Wno-unused-result -Wno-unused-variable -Wno-unused-but-set-variable -Wno-deprecated -Wno-deprecated-declarations -Wno-char-subscripts -Wno-strict-aliasing -Wno-shift-negative-value  conftest.c >&5
configure:5817: $? = 0
configure:5817: result: yes
configure:5817: checking for sys/types.h
configure:5817: gcc -m32 -c -fcommon -Wno-deprecated -Wno-attributes -Wno-maybe-uninitialized -Wno-narrowing -Wno-int-conversion -Wno-address -Wall -Wno-implicit-function-declaration -Wno-format -Wno-enum-compare -Wno-unused-result -Wno-unused-variable -Wno-unused-but-set-variable -Wno-deprecated -Wno-deprecated-declarations -Wno-char-subscripts -Wno-strict-aliasing -Wno-shift-negative-value  conftest.c >&5
configure:5817: $? = 0
configure:5817: result: yes
configure:5817: checking for unistd.h
configure:5817: gcc -m32 -c -fcommon -Wno-deprecated -Wno-attributes -Wno-maybe-uninitialized -Wno-narrowing -Wno-int-conversion -Wno-address -Wall -Wno-implicit-function-declaration -Wno-format -Wno-enum-compare -Wno-unused-result -Wno-unused-variable -Wno-unused-but-set-variable -Wno-deprecated -Wno-deprecated-declarations -Wno-char-subscripts -Wno-strict-aliasing -Wno-shift-negative-value  conftest.c >&5
configure:5817: $? = 0
configure:5817: result: yes
configure:5842: checking for uuid/uuid.h
configure:5842: gcc -m32 -c -fcommon -Wno-deprecated -Wno-attributes -Wno-maybe-uninitialized -Wno-narrowing -Wno-int-conversion -Wno-address -Wall -Wno-implicit-function-declaration -Wno-format -Wno-enum-compare -Wno-unused-result -Wno-unused-variable -Wno-unused-but-set-variable -Wno-deprecated -Wno-deprecated-declarations -Wno-char-subscripts -Wno-strict-aliasing -Wno-shift-negative-value  conftest.c >&5
configure:5842: $? = 0
configure:5842: result: yes
configure:5879: checking for library containing uuid_generate
configure:5909: gcc -m32 -o conftest.exe -fcommon -Wno-deprecated -Wno-attributes -Wno-maybe-uninitialized -Wno-narrowing -Wno-int-conversion -Wno-address -Wall -Wno-implicit-function-declaration -Wno-format -Wno-enum-compare -Wno-unused-result -Wno-unused-variable -Wno-unused-but-set-variable -Wno-deprecated -Wno-deprecated-declarations -Wno-char-subscripts -Wno-strict-aliasing -Wno-shift-negative-value  -m32 conftest.c  >&5
/usr/lib/gcc/i686-pc-cygwin/11/../../../../i686-pc-cygwin/bin/ld: /tmp/ccfwv5ZT.o:conftest.c:(.text+0xc): undefined reference to `uuid_generate'
collect2: error: ld returned 1 exit status
configure:5909: $? = 1
configure: failed program was:
| /* confdefs.h */
| #define PACKAGE_NAME "odcctools"
| #define PACKAGE_TARNAME "odcctools"
| #define PACKAGE_VERSION "622.3od16"
| #define PACKAGE_STRING "odcctools 622.3od16"
| #define PACKAGE_BUGREPORT "odcctools@opendarwin.org"
| #define PACKAGE_URL ""
| #define YYTEXT_POINTER 1
| #define EMULATED_HOST_CPU_TYPE 18
| #define EMULATED_HOST_CPU_SUBTYPE 100
| #define DEFAULT_MACH_ARCH "ppc"
| #define HAVE_STDIO_H 1
| #define HAVE_STDLIB_H 1
| #define HAVE_STRING_H 1
| #define HAVE_INTTYPES_H 1
| #define HAVE_STDINT_H 1
| #define HAVE_STRINGS_H 1
| #define HAVE_SYS_STAT_H 1
| #define HAVE_SYS_TYPES_H 1
| #define HAVE_UNISTD_H 1
| #define STDC_HEADERS 1
| #define HAVE_UUID_UUID_H /**/
| /* end confdefs.h.  */
| 
| /* Override any GCC internal prototype to avoid an error.
|    Use char because int might match the return type of a GCC
|    builtin and then its argument prototype would still apply.  */
| char uuid_generate ();
| int
| main (void)
| {
| return uuid_generate ();
|   ;
|   return 0;
| }
configure:5909: gcc -m32 -o conftest.exe -fcommon -Wno-deprecated -Wno-attributes -Wno-maybe-uninitialized -Wno-narrowing -Wno-int-conversion -Wno-address -Wall -Wno-implicit-function-declaration -Wno-format -Wno-enum-compare -Wno-unused-result -Wno-unused-variable -Wno-unused-but-set-variable -Wno-deprecated -Wno-deprecated-declarations -Wno-char-subscripts -Wno-strict-aliasing -Wno-shift-negative-value  -m32 conftest.c -luuid   >&5
configure:5909: $? = 0
configure:5929: result: -luuid
configure:5944: checking if -mdynamic-no-pic is supported
configure:5950: gcc -m32 -c -fcommon -Wno-deprecated -Wno-attributes -Wno-maybe-uninitialized -Wno-narrowing -Wno-int-conversion -Wno-address -Wall -Wno-implicit-function-declaration -Wno-format -Wno-enum-compare -Wno-unused-result -Wno-unused-variable -Wno-unused-but-set-variable -Wno-deprecated -Wno-deprecated-declarations -Wno-char-subscripts -Wno-strict-aliasing -Wno-shift-negative-value -mdynamic-no-pic  conftest.c >&5
gcc: error: unrecognized command-line option '-mdynamic-no-pic'
configure:5950: $? = 1
configure: failed program was:
| /* confdefs.h */
| #define PACKAGE_NAME "odcctools"
| #define PACKAGE_TARNAME "odcctools"
| #define PACKAGE_VERSION "622.3od16"
| #define PACKAGE_STRING "odcctools 622.3od16"
| #define PACKAGE_BUGREPORT "odcctools@opendarwin.org"
| #define PACKAGE_URL ""
| #define YYTEXT_POINTER 1
| #define EMULATED_HOST_CPU_TYPE 18
| #define EMULATED_HOST_CPU_SUBTYPE 100
| #define DEFAULT_MACH_ARCH "ppc"
| #define HAVE_STDIO_H 1
| #define HAVE_STDLIB_H 1
| #define HAVE_STRING_H 1
| #define HAVE_INTTYPES_H 1
| #define HAVE_STDINT_H 1
| #define HAVE_STRINGS_H 1
| #define HAVE_SYS_STAT_H 1
| #define HAVE_SYS_TYPES_H 1
| #define HAVE_UNISTD_H 1
| #define STDC_HEADERS 1
| #define HAVE_UUID_UUID_H /**/
| /* end confdefs.h.  */
| const char hw[] = "Hello, World\n";
configure:5958: result: no
configure:5967: checking if -fno-builtin-round is supported
configure:5973: gcc -m32 -c -fcommon -Wno-deprecated -Wno-attributes -Wno-maybe-uninitialized -Wno-narrowing -Wno-int-conversion -Wno-address -Wall -Wno-implicit-function-declaration -Wno-format -Wno-enum-compare -Wno-unused-result -Wno-unused-variable -Wno-unused-but-set-variable -Wno-deprecated -Wno-deprecated-declarations -Wno-char-subscripts -Wno-strict-aliasing -Wno-shift-negative-value -fno-builtin-round  conftest.c >&5
configure:5973: $? = 0
configure:5975: result: yes
configure:5987: checking if -fno-builtin-trunc is supported
configure:5993: gcc -m32 -c -fcommon -Wno-deprecated -Wno-attributes -Wno-maybe-uninitialized -Wno-narrowing -Wno-int-conversion -Wno-address -Wall -Wno-implicit-function-declaration -Wno-format -Wno-enum-compare -Wno-unused-result -Wno-unused-variable -Wno-unused-but-set-variable -Wno-deprecated -Wno-deprecated-declarations -Wno-char-subscripts -Wno-strict-aliasing -Wno-shift-negative-value -fno-builtin-round -fno-builtin-trunc  conftest.c >&5
configure:5993: $? = 0
configure:5995: result: yes
configure:6008: checking if -no-cpp-precomp is supported
configure:6032: result: no
configure:6041: checking if -Wall is supported
configure:6047: gcc -m32 -c -fcommon -Wno-deprecated -Wno-attributes -Wno-maybe-uninitialized -Wno-narrowing -Wno-int-conversion -Wno-address -Wall -Wno-implicit-function-declaration -Wno-format -Wno-enum-compare -Wno-unused-result -Wno-unused-variable -Wno-unused-but-set-variable -Wno-deprecated -Wno-deprecated-declarations -Wno-char-subscripts -Wno-strict-aliasing -Wno-shift-negative-value -fno-builtin-round -fno-builtin-trunc -Wall  conftest.c >&5
configure:6047: $? = 0
configure:6050: result: yes
configure:6062: checking if -Wno-long-double is supported
configure:6070: gcc -m32 -c -fcommon -Wno-deprecated -Wno-attributes -Wno-maybe-uninitialized -Wno-narrowing -Wno-int-conversion -Wno-address -Wall -Wno-implicit-function-declaration -Wno-format -Wno-enum-compare -Wno-unused-result -Wno-unused-variable -Wno-unused-but-set-variable -Wno-deprecated -Wno-deprecated-declarations -Wno-char-subscripts -Wno-strict-aliasing -Wno-shift-negative-value -fno-builtin-round -fno-builtin-trunc -Wno-long-double  conftest.c >&5
configure:6070: $? = 0
configure:6073: result: yes
configure:6085: checking if -Wno-import is supported
configure:6093: gcc -m32 -c -fcommon -Wno-deprecated -Wno-attributes -Wno-maybe-uninitialized -Wno-narrowing -Wno-int-conversion -Wno-address -Wall -Wno-implicit-function-declaration -Wno-format -Wno-enum-compare -Wno-unused-result -Wno-unused-variable -Wno-unused-but-set-variable -Wno-deprecated -Wno-deprecated-declarations -Wno-char-subscripts -Wno-strict-aliasing -Wno-shift-negative-value -fno-builtin-round -fno-builtin-trunc -Wno-import  conftest.c >&5
configure:6093: $? = 0
configure:6096: result: yes
configure:6112: checking if -x objective-c is supported
configure:6122: gcc -m32 -c -fcommon -Wno-deprecated -Wno-attributes -Wno-maybe-uninitialized -Wno-narrowing -Wno-int-conversion -Wno-address -Wall -Wno-implicit-function-declaration -Wno-format -Wno-enum-compare -Wno-unused-result -Wno-unused-variable -Wno-unused-but-set-variable -Wno-deprecated -Wno-deprecated-declarations -Wno-char-subscripts -Wno-strict-aliasing -Wno-shift-negative-value -fno-builtin-round -fno-builtin-trunc -x objective-c  conftest.c >&5
conftest.c: In function 'bar':
conftest.c:26:6: warning: '@interface' of class 'foo' not found
   26 |      [foo alloc];
      |      ^
conftest.c:26:6: warning: no '+alloc' method found
conftest.c:26:6: warning: (messages without a matching method signature will be assumed to return 'id' and accept '...' as arguments)
configure:6122: $? = 0
configure:6127: result: yes
configure:6141: checking if __private_extern__ is supported
configure:6147: gcc -m32 -c -fcommon -Wno-deprecated -Wno-attributes -Wno-maybe-uninitialized -Wno-narrowing -Wno-int-conversion -Wno-address -Wall -Wno-implicit-function-declaration -Wno-format -Wno-enum-compare -Wno-unused-result -Wno-unused-variable -Wno-unused-but-set-variable -Wno-deprecated -Wno-deprecated-declarations -Wno-char-subscripts -Wno-strict-aliasing -Wno-shift-negative-value -fno-builtin-round -fno-builtin-trunc  conftest.c >&5
conftest.c:25:19: error: expected ';' before 'int'
   25 | __private_extern__ int foo;
      |                   ^~~~
      |                   ;
configure:6147: $? = 1
configure: failed program was:
| /* confdefs.h */
| #define PACKAGE_NAME "odcctools"
| #define PACKAGE_TARNAME "odcctools"
| #define PACKAGE_VERSION "622.3od16"
| #define PACKAGE_STRING "odcctools 622.3od16"
| #define PACKAGE_BUGREPORT "odcctools@opendarwin.org"
| #define PACKAGE_URL ""
| #define YYTEXT_POINTER 1
| #define EMULATED_HOST_CPU_TYPE 18
| #define EMULATED_HOST_CPU_SUBTYPE 100
| #define DEFAULT_MACH_ARCH "ppc"
| #define HAVE_STDIO_H 1
| #define HAVE_STDLIB_H 1
| #define HAVE_STRING_H 1
| #define HAVE_INTTYPES_H 1
| #define HAVE_STDINT_H 1
| #define HAVE_STRINGS_H 1
| #define HAVE_SYS_STAT_H 1
| #define HAVE_SYS_TYPES_H 1
| #define HAVE_UNISTD_H 1
| #define STDC_HEADERS 1
| #define HAVE_UUID_UUID_H /**/
| #define HAVE_OBJC 1
| /* end confdefs.h.  */
| __private_extern__ int foo;
configure:6156: result: no
configure:6164: checking if -multiply_defined suppress is supported
configure:6177: gcc -m32 -o conftest.exe -fcommon -Wno-deprecated -Wno-attributes -Wno-maybe-uninitialized -Wno-narrowing -Wno-int-conversion -Wno-address -Wall -Wno-implicit-function-declaration -Wno-format -Wno-enum-compare -Wno-unused-result -Wno-unused-variable -Wno-unused-but-set-variable -Wno-deprecated -Wno-deprecated-declarations -Wno-char-subscripts -Wno-strict-aliasing -Wno-shift-negative-value -fno-builtin-round -fno-builtin-trunc  -multiply_defined suppress conftest.c -luuid  >&5
gcc: error: unrecognized command-line option '-multiply_defined'
configure:6177: $? = 1
configure: failed program was:
| /* confdefs.h */
| #define PACKAGE_NAME "odcctools"
| #define PACKAGE_TARNAME "odcctools"
| #define PACKAGE_VERSION "622.3od16"
| #define PACKAGE_STRING "odcctools 622.3od16"
| #define PACKAGE_BUGREPORT "odcctools@opendarwin.org"
| #define PACKAGE_URL ""
| #define YYTEXT_POINTER 1
| #define EMULATED_HOST_CPU_TYPE 18
| #define EMULATED_HOST_CPU_SUBTYPE 100
| #define DEFAULT_MACH_ARCH "ppc"
| #define HAVE_STDIO_H 1
| #define HAVE_STDLIB_H 1
| #define HAVE_STRING_H 1
| #define HAVE_INTTYPES_H 1
| #define HAVE_STDINT_H 1
| #define HAVE_STRINGS_H 1
| #define HAVE_SYS_STAT_H 1
| #define HAVE_SYS_TYPES_H 1
| #define HAVE_UNISTD_H 1
| #define STDC_HEADERS 1
| #define HAVE_UUID_UUID_H /**/
| #define HAVE_OBJC 1
| /* end confdefs.h.  */
| 
| int
| main (void)
| {
| 
|   ;
|   return 0;
| }
configure:6183: result: no
configure:6190: checking for grep that handles long lines and -e
configure:6254: result: /usr/bin/grep
configure:6262: checking for egrep
configure:6330: result: /usr/bin/grep -E
configure:6336: checking for stdio.h
configure:6336: result: yes
configure:6342: checking for errno.h
configure:6342: gcc -m32 -c -fcommon -Wno-deprecated -Wno-attributes -Wno-maybe-uninitialized -Wno-narrowing -Wno-int-conversion -Wno-address -Wall -Wno-implicit-function-declaration -Wno-format -Wno-enum-compare -Wno-unused-result -Wno-unused-variable -Wno-unused-but-set-variable -Wno-deprecated -Wno-deprecated-declarations -Wno-char-subscripts -Wno-strict-aliasing -Wno-shift-negative-value -fno-builtin-round -fno-builtin-trunc  conftest.c >&5
configure:6342: $? = 0
configure:6342: result: yes
configure:6348: checking for limits.h
configure:6348: gcc -m32 -c -fcommon -Wno-deprecated -Wno-attributes -Wno-maybe-uninitialized -Wno-narrowing -Wno-int-conversion -Wno-address -Wall -Wno-implicit-function-declaration -Wno-format -Wno-enum-compare -Wno-unused-result -Wno-unused-variable -Wno-unused-but-set-variable -Wno-deprecated -Wno-deprecated-declarations -Wno-char-subscripts -Wno-strict-aliasing -Wno-shift-negative-value -fno-builtin-round -fno-builtin-trunc  conftest.c >&5
configure:6348: $? = 0
configure:6348: result: yes
configure:6358: checking for objc/objc-runtime.h
configure:6358: gcc -m32 -c -fcommon -Wno-deprecated -Wno-attributes -Wno-maybe-uninitialized -Wno-narrowing -Wno-int-conversion -Wno-address -Wall -Wno-implicit-function-declaration -Wno-format -Wno-enum-compare -Wno-unused-result -Wno-unused-variable -Wno-unused-but-set-variable -Wno-deprecated -Wno-deprecated-declarations -Wno-char-subscripts -Wno-strict-aliasing -Wno-shift-negative-value -fno-builtin-round -fno-builtin-trunc -x objective-c  conftest.c >&5
conftest.c:56:10: fatal error: objc/objc-runtime.h: No such file or directory
   56 | #include <objc/objc-runtime.h>
      |          ^~~~~~~~~~~~~~~~~~~~~
compilation terminated.
configure:6358: $? = 1
configure: failed program was:
| /* confdefs.h */
| #define PACKAGE_NAME "odcctools"
| #define PACKAGE_TARNAME "odcctools"
| #define PACKAGE_VERSION "622.3od16"
| #define PACKAGE_STRING "odcctools 622.3od16"
| #define PACKAGE_BUGREPORT "odcctools@opendarwin.org"
| #define PACKAGE_URL ""
| #define YYTEXT_POINTER 1
| #define EMULATED_HOST_CPU_TYPE 18
| #define EMULATED_HOST_CPU_SUBTYPE 100
| #define DEFAULT_MACH_ARCH "ppc"
| #define HAVE_STDIO_H 1
| #define HAVE_STDLIB_H 1
| #define HAVE_STRING_H 1
| #define HAVE_INTTYPES_H 1
| #define HAVE_STDINT_H 1
| #define HAVE_STRINGS_H 1
| #define HAVE_SYS_STAT_H 1
| #define HAVE_SYS_TYPES_H 1
| #define HAVE_UNISTD_H 1
| #define STDC_HEADERS 1
| #define HAVE_UUID_UUID_H /**/
| #define HAVE_OBJC 1
| #define HAVE_STDIO_H 1
| #define HAVE_ERRNO_H 1
| #define HAVE_LIMITS_H 1
| /* end confdefs.h.  */
| #include <stddef.h>
| #ifdef HAVE_STDIO_H
| # include <stdio.h>
| #endif
| #ifdef HAVE_STDLIB_H
| # include <stdlib.h>
| #endif
| #ifdef HAVE_STRING_H
| # include <string.h>
| #endif
| #ifdef HAVE_INTTYPES_H
| # include <inttypes.h>
| #endif
| #ifdef HAVE_STDINT_H
| # include <stdint.h>
| #endif
| #ifdef HAVE_STRINGS_H
| # include <strings.h>
| #endif
| #ifdef HAVE_SYS_TYPES_H
| # include <sys/types.h>
| #endif
| #ifdef HAVE_SYS_STAT_H
| # include <sys/stat.h>
| #endif
| #ifdef HAVE_UNISTD_H
| # include <unistd.h>
| #endif
| #include <objc/objc-runtime.h>
configure:6358: result: no
configure:6368: checking for max unsigned long long
configure:6377: gcc -m32 -c -fcommon -Wno-deprecated -Wno-attributes -Wno-maybe-uninitialized -Wno-narrowing -Wno-int-conversion -Wno-address -Wall -Wno-implicit-function-declaration -Wno-format -Wno-enum-compare -Wno-unused-result -Wno-unused-variable -Wno-unused-but-set-variable -Wno-deprecated -Wno-deprecated-declarations -Wno-char-subscripts -Wno-strict-aliasing -Wno-shift-negative-value -fno-builtin-round -fno-builtin-trunc  conftest.c >&5
configure:6377: $? = 0
configure:6379: result: ULLONG_MAX
configure:6407: checking for strmode
configure:6407: gcc -m32 -o conftest.exe -fcommon -Wno-deprecated -Wno-attributes -Wno-maybe-uninitialized -Wno-narrowing -Wno-int-conversion -Wno-address -Wall -Wno-implicit-function-declaration -Wno-format -Wno-enum-compare -Wno-unused-result -Wno-unused-variable -Wno-unused-but-set-variable -Wno-deprecated -Wno-deprecated-declarations -Wno-char-subscripts -Wno-strict-aliasing -Wno-shift-negative-value -fno-builtin-round -fno-builtin-trunc  -m32 conftest.c -luuid  >&5
/usr/lib/gcc/i686-pc-cygwin/11/../../../../i686-pc-cygwin/bin/ld: /tmp/ccflaIRr.o:conftest.c:(.text+0xc): undefined reference to `strmode'
collect2: error: ld returned 1 exit status
configure:6407: $? = 1
configure: failed program was:
| /* confdefs.h */
| #define PACKAGE_NAME "odcctools"
| #define PACKAGE_TARNAME "odcctools"
| #define PACKAGE_VERSION "622.3od16"
| #define PACKAGE_STRING "odcctools 622.3od16"
| #define PACKAGE_BUGREPORT "odcctools@opendarwin.org"
| #define PACKAGE_URL ""
| #define YYTEXT_POINTER 1
| #define EMULATED_HOST_CPU_TYPE 18
| #define EMULATED_HOST_CPU_SUBTYPE 100
| #define DEFAULT_MACH_ARCH "ppc"
| #define HAVE_STDIO_H 1
| #define HAVE_STDLIB_H 1
| #define HAVE_STRING_H 1
| #define HAVE_INTTYPES_H 1
| #define HAVE_STDINT_H 1
| #define HAVE_STRINGS_H 1
| #define HAVE_SYS_STAT_H 1
| #define HAVE_SYS_TYPES_H 1
| #define HAVE_UNISTD_H 1
| #define STDC_HEADERS 1
| #define HAVE_UUID_UUID_H /**/
| #define HAVE_OBJC 1
| #define HAVE_STDIO_H 1
| #define HAVE_ERRNO_H 1
| #define HAVE_LIMITS_H 1
| /* end confdefs.h.  */
| /* Define strmode to an innocuous variant, in case <limits.h> declares strmode.
|    For example, HP-UX 11i <limits.h> declares gettimeofday.  */
| #define strmode innocuous_strmode
| 
| /* System header to define __stub macros and hopefully few prototypes,
|    which can conflict with char strmode (); below.  */
| 
| #include <limits.h>
| #undef strmode
| 
| /* Override any GCC internal prototype to avoid an error.
|    Use char because int might match the return type of a GCC
|    builtin and then its argument prototype would still apply.  */
| #ifdef __cplusplus
| extern "C"
| #endif
| char strmode ();
| /* The GNU C library defines this for functions which it implements
|     to always fail with ENOSYS.  Some functions are actually named
|     something starting with __ and the normal name is an alias.  */
| #if defined __stub_strmode || defined __stub___strmode
| choke me
| #endif
| 
| int
| main (void)
| {
| return strmode ();
|   ;
|   return 0;
| }
configure:6407: result: no
configure:6413: checking for qsort_r
configure:6413: gcc -m32 -o conftest.exe -fcommon -Wno-deprecated -Wno-attributes -Wno-maybe-uninitialized -Wno-narrowing -Wno-int-conversion -Wno-address -Wall -Wno-implicit-function-declaration -Wno-format -Wno-enum-compare -Wno-unused-result -Wno-unused-variable -Wno-unused-but-set-variable -Wno-deprecated -Wno-deprecated-declarations -Wno-char-subscripts -Wno-strict-aliasing -Wno-shift-negative-value -fno-builtin-round -fno-builtin-trunc  -m32 conftest.c -luuid  >&5
configure:6413: $? = 0
configure:6413: result: yes
configure:6419: checking for qsort
configure:6419: gcc -m32 -o conftest.exe -fcommon -Wno-deprecated -Wno-attributes -Wno-maybe-uninitialized -Wno-narrowing -Wno-int-conversion -Wno-address -Wall -Wno-implicit-function-declaration -Wno-format -Wno-enum-compare -Wno-unused-result -Wno-unused-variable -Wno-unused-but-set-variable -Wno-deprecated -Wno-deprecated-declarations -Wno-char-subscripts -Wno-strict-aliasing -Wno-shift-negative-value -fno-builtin-round -fno-builtin-trunc  -m32 conftest.c -luuid  >&5
configure:6419: $? = 0
configure:6419: result: yes
configure:6425: checking for getattrlist
configure:6425: gcc -m32 -o conftest.exe -fcommon -Wno-deprecated -Wno-attributes -Wno-maybe-uninitialized -Wno-narrowing -Wno-int-conversion -Wno-address -Wall -Wno-implicit-function-declaration -Wno-format -Wno-enum-compare -Wno-unused-result -Wno-unused-variable -Wno-unused-but-set-variable -Wno-deprecated -Wno-deprecated-declarations -Wno-char-subscripts -Wno-strict-aliasing -Wno-shift-negative-value -fno-builtin-round -fno-builtin-trunc  -m32 conftest.c -luuid  >&5
/usr/lib/gcc/i686-pc-cygwin/11/../../../../i686-pc-cygwin/bin/ld: /tmp/ccwOddHe.o:conftest.c:(.text+0xc): undefined reference to `getattrlist'
collect2: error: ld returned 1 exit status
configure:6425: $? = 1
configure: failed program was:
| /* confdefs.h */
| #define PACKAGE_NAME "odcctools"
| #define PACKAGE_TARNAME "odcctools"
| #define PACKAGE_VERSION "622.3od16"
| #define PACKAGE_STRING "odcctools 622.3od16"
| #define PACKAGE_BUGREPORT "odcctools@opendarwin.org"
| #define PACKAGE_URL ""
| #define YYTEXT_POINTER 1
| #define EMULATED_HOST_CPU_TYPE 18
| #define EMULATED_HOST_CPU_SUBTYPE 100
| #define DEFAULT_MACH_ARCH "ppc"
| #define HAVE_STDIO_H 1
| #define HAVE_STDLIB_H 1
| #define HAVE_STRING_H 1
| #define HAVE_INTTYPES_H 1
| #define HAVE_STDINT_H 1
| #define HAVE_STRINGS_H 1
| #define HAVE_SYS_STAT_H 1
| #define HAVE_SYS_TYPES_H 1
| #define HAVE_UNISTD_H 1
| #define STDC_HEADERS 1
| #define HAVE_UUID_UUID_H /**/
| #define HAVE_OBJC 1
| #define HAVE_STDIO_H 1
| #define HAVE_ERRNO_H 1
| #define HAVE_LIMITS_H 1
| #define HAVE_QSORT_R 1
| #define HAVE_QSORT 1
| /* end confdefs.h.  */
| /* Define getattrlist to an innocuous variant, in case <limits.h> declares getattrlist.
|    For example, HP-UX 11i <limits.h> declares gettimeofday.  */
| #define getattrlist innocuous_getattrlist
| 
| /* System header to define __stub macros and hopefully few prototypes,
|    which can conflict with char getattrlist (); below.  */
| 
| #include <limits.h>
| #undef getattrlist
| 
| /* Override any GCC internal prototype to avoid an error.
|    Use char because int might match the return type of a GCC
|    builtin and then its argument prototype would still apply.  */
| #ifdef __cplusplus
| extern "C"
| #endif
| char getattrlist ();
| /* The GNU C library defines this for functions which it implements
|     to always fail with ENOSYS.  Some functions are actually named
|     something starting with __ and the normal name is an alias.  */
| #if defined __stub_getattrlist || defined __stub___getattrlist
| choke me
| #endif
| 
| int
| main (void)
| {
| return getattrlist ();
|   ;
|   return 0;
| }
configure:6425: result: no
configure:6431: checking for NSIsSymbolNameDefined
configure:6431: gcc -m32 -o conftest.exe -fcommon -Wno-deprecated -Wno-attributes -Wno-maybe-uninitialized -Wno-narrowing -Wno-int-conversion -Wno-address -Wall -Wno-implicit-function-declaration -Wno-format -Wno-enum-compare -Wno-unused-result -Wno-unused-variable -Wno-unused-but-set-variable -Wno-deprecated -Wno-deprecated-declarations -Wno-char-subscripts -Wno-strict-aliasing -Wno-shift-negative-value -fno-builtin-round -fno-builtin-trunc  -m32 conftest.c -luuid  >&5
/usr/lib/gcc/i686-pc-cygwin/11/../../../../i686-pc-cygwin/bin/ld: /tmp/cc1kiLvx.o:conftest.c:(.text+0xc): undefined reference to `NSIsSymbolNameDefined'
collect2: error: ld returned 1 exit status
configure:6431: $? = 1
configure: failed program was:
| /* confdefs.h */
| #define PACKAGE_NAME "odcctools"
| #define PACKAGE_TARNAME "odcctools"
| #define PACKAGE_VERSION "622.3od16"
| #define PACKAGE_STRING "odcctools 622.3od16"
| #define PACKAGE_BUGREPORT "odcctools@opendarwin.org"
| #define PACKAGE_URL ""
| #define YYTEXT_POINTER 1
| #define EMULATED_HOST_CPU_TYPE 18
| #define EMULATED_HOST_CPU_SUBTYPE 100
| #define DEFAULT_MACH_ARCH "ppc"
| #define HAVE_STDIO_H 1
| #define HAVE_STDLIB_H 1
| #define HAVE_STRING_H 1
| #define HAVE_INTTYPES_H 1
| #define HAVE_STDINT_H 1
| #define HAVE_STRINGS_H 1
| #define HAVE_SYS_STAT_H 1
| #define HAVE_SYS_TYPES_H 1
| #define HAVE_UNISTD_H 1
| #define STDC_HEADERS 1
| #define HAVE_UUID_UUID_H /**/
| #define HAVE_OBJC 1
| #define HAVE_STDIO_H 1
| #define HAVE_ERRNO_H 1
| #define HAVE_LIMITS_H 1
| #define HAVE_QSORT_R 1
| #define HAVE_QSORT 1
| /* end confdefs.h.  */
| /* Define NSIsSymbolNameDefined to an innocuous variant, in case <limits.h> declares NSIsSymbolNameDefined.
|    For example, HP-UX 11i <limits.h> declares gettimeofday.  */
| #define NSIsSymbolNameDefined innocuous_NSIsSymbolNameDefined
| 
| /* System header to define __stub macros and hopefully few prototypes,
|    which can conflict with char NSIsSymbolNameDefined (); below.  */
| 
| #include <limits.h>
| #undef NSIsSymbolNameDefined
| 
| /* Override any GCC internal prototype to avoid an error.
|    Use char because int might match the return type of a GCC
|    builtin and then its argument prototype would still apply.  */
| #ifdef __cplusplus
| extern "C"
| #endif
| char NSIsSymbolNameDefined ();
| /* The GNU C library defines this for functions which it implements
|     to always fail with ENOSYS.  Some functions are actually named
|     something starting with __ and the normal name is an alias.  */
| #if defined __stub_NSIsSymbolNameDefined || defined __stub___NSIsSymbolNameDefined
| choke me
| #endif
| 
| int
| main (void)
| {
| return NSIsSymbolNameDefined ();
|   ;
|   return 0;
| }
configure:6431: result: no
configure:6437: checking for strlcpy
configure:6437: gcc -m32 -o conftest.exe -fcommon -Wno-deprecated -Wno-attributes -Wno-maybe-uninitialized -Wno-narrowing -Wno-int-conversion -Wno-address -Wall -Wno-implicit-function-declaration -Wno-format -Wno-enum-compare -Wno-unused-result -Wno-unused-variable -Wno-unused-but-set-variable -Wno-deprecated -Wno-deprecated-declarations -Wno-char-subscripts -Wno-strict-aliasing -Wno-shift-negative-value -fno-builtin-round -fno-builtin-trunc  -m32 conftest.c -luuid  >&5
configure:6437: $? = 0
configure:6437: result: yes
configure:6445: checking for gcc -m32 options needed to detect all undeclared functions
configure:6467: gcc -m32 -c -fcommon -Wno-deprecated -Wno-attributes -Wno-maybe-uninitialized -Wno-narrowing -Wno-int-conversion -Wno-address -Wall -Wno-implicit-function-declaration -Wno-format -Wno-enum-compare -Wno-unused-result -Wno-unused-variable -Wno-unused-but-set-variable -Wno-deprecated -Wno-deprecated-declarations -Wno-char-subscripts -Wno-strict-aliasing -Wno-shift-negative-value -fno-builtin-round -fno-builtin-trunc   conftest.c >&5
conftest.c: In function 'main':
conftest.c:35:8: error: 'strchr' undeclared (first use in this function)
   35 | (void) strchr;
      |        ^~~~~~
conftest.c:1:1: note: 'strchr' is defined in header '<string.h>'; did you forget to '#include <string.h>'?
    1 | /* confdefs.h */
conftest.c:35:8: note: each undeclared identifier is reported only once for each function it appears in
   35 | (void) strchr;
      |        ^~~~~~
configure:6467: $? = 1
configure: failed program was:
| /* confdefs.h */
| #define PACKAGE_NAME "odcctools"
| #define PACKAGE_TARNAME "odcctools"
| #define PACKAGE_VERSION "622.3od16"
| #define PACKAGE_STRING "odcctools 622.3od16"
| #define PACKAGE_BUGREPORT "odcctools@opendarwin.org"
| #define PACKAGE_URL ""
| #define YYTEXT_POINTER 1
| #define EMULATED_HOST_CPU_TYPE 18
| #define EMULATED_HOST_CPU_SUBTYPE 100
| #define DEFAULT_MACH_ARCH "ppc"
| #define HAVE_STDIO_H 1
| #define HAVE_STDLIB_H 1
| #define HAVE_STRING_H 1
| #define HAVE_INTTYPES_H 1
| #define HAVE_STDINT_H 1
| #define HAVE_STRINGS_H 1
| #define HAVE_SYS_STAT_H 1
| #define HAVE_SYS_TYPES_H 1
| #define HAVE_UNISTD_H 1
| #define STDC_HEADERS 1
| #define HAVE_UUID_UUID_H /**/
| #define HAVE_OBJC 1
| #define HAVE_STDIO_H 1
| #define HAVE_ERRNO_H 1
| #define HAVE_LIMITS_H 1
| #define HAVE_QSORT_R 1
| #define HAVE_QSORT 1
| #define HAVE_STRLCPY 1
| /* end confdefs.h.  */
| 
| int
| main (void)
| {
| (void) strchr;
|   ;
|   return 0;
| }
configure:6494: gcc -m32 -c -fcommon -Wno-deprecated -Wno-attributes -Wno-maybe-uninitialized -Wno-narrowing -Wno-int-conversion -Wno-address -Wall -Wno-implicit-function-declaration -Wno-format -Wno-enum-compare -Wno-unused-result -Wno-unused-variable -Wno-unused-but-set-variable -Wno-deprecated -Wno-deprecated-declarations -Wno-char-subscripts -Wno-strict-aliasing -Wno-shift-negative-value -fno-builtin-round -fno-builtin-trunc   conftest.c >&5
configure:6494: $? = 0
configure:6511: result: none needed
configure:6525: checking whether getc_unlocked is declared
configure:6525: gcc -m32 -c -fcommon -Wno-deprecated -Wno-attributes -Wno-maybe-uninitialized -Wno-narrowing -Wno-int-conversion -Wno-address -Wall -Wno-implicit-function-declaration -Wno-format -Wno-enum-compare -Wno-unused-result -Wno-unused-variable -Wno-unused-but-set-variable -Wno-deprecated -Wno-deprecated-declarations -Wno-char-subscripts -Wno-strict-aliasing -Wno-shift-negative-value -fno-builtin-round -fno-builtin-trunc   conftest.c >&5
configure:6525: $? = 0
configure:6525: result: yes
configure:6548: checking whether byte ordering is bigendian
configure:6564: gcc -m32 -c -fcommon -Wno-deprecated -Wno-attributes -Wno-maybe-uninitialized -Wno-narrowing -Wno-int-conversion -Wno-address -Wall -Wno-implicit-function-declaration -Wno-format -Wno-enum-compare -Wno-unused-result -Wno-unused-variable -Wno-unused-but-set-variable -Wno-deprecated -Wno-deprecated-declarations -Wno-char-subscripts -Wno-strict-aliasing -Wno-shift-negative-value -fno-builtin-round -fno-builtin-trunc  conftest.c >&5
conftest.c:33:16: error: unknown type name 'not'
   33 |                not a universal capable compiler
      |                ^~~
conftest.c:33:22: error: expected '=', ',', ';', 'asm' or '__attribute__' before 'universal'
   33 |                not a universal capable compiler
      |                      ^~~~~~~~~
conftest.c:33:22: error: unknown type name 'universal'
configure:6564: $? = 1
configure: failed program was:
| /* confdefs.h */
| #define PACKAGE_NAME "odcctools"
| #define PACKAGE_TARNAME "odcctools"
| #define PACKAGE_VERSION "622.3od16"
| #define PACKAGE_STRING "odcctools 622.3od16"
| #define PACKAGE_BUGREPORT "odcctools@opendarwin.org"
| #define PACKAGE_URL ""
| #define YYTEXT_POINTER 1
| #define EMULATED_HOST_CPU_TYPE 18
| #define EMULATED_HOST_CPU_SUBTYPE 100
| #define DEFAULT_MACH_ARCH "ppc"
| #define HAVE_STDIO_H 1
| #define HAVE_STDLIB_H 1
| #define HAVE_STRING_H 1
| #define HAVE_INTTYPES_H 1
| #define HAVE_STDINT_H 1
| #define HAVE_STRINGS_H 1
| #define HAVE_SYS_STAT_H 1
| #define HAVE_SYS_TYPES_H 1
| #define HAVE_UNISTD_H 1
| #define STDC_HEADERS 1
| #define HAVE_UUID_UUID_H /**/
| #define HAVE_OBJC 1
| #define HAVE_STDIO_H 1
| #define HAVE_ERRNO_H 1
| #define HAVE_LIMITS_H 1
| #define HAVE_QSORT_R 1
| #define HAVE_QSORT 1
| #define HAVE_STRLCPY 1
| #define HAVE_DECL_GETC_UNLOCKED 1
| /* end confdefs.h.  */
| #ifndef __APPLE_CC__
| 	       not a universal capable compiler
| 	     #endif
| 	     typedef int dummy;
| 
configure:6610: gcc -m32 -c -fcommon -Wno-deprecated -Wno-attributes -Wno-maybe-uninitialized -Wno-narrowing -Wno-int-conversion -Wno-address -Wall -Wno-implicit-function-declaration -Wno-format -Wno-enum-compare -Wno-unused-result -Wno-unused-variable -Wno-unused-but-set-variable -Wno-deprecated -Wno-deprecated-declarations -Wno-char-subscripts -Wno-strict-aliasing -Wno-shift-negative-value -fno-builtin-round -fno-builtin-trunc  conftest.c >&5
configure:6610: $? = 0
configure:6629: gcc -m32 -c -fcommon -Wno-deprecated -Wno-attributes -Wno-maybe-uninitialized -Wno-narrowing -Wno-int-conversion -Wno-address -Wall -Wno-implicit-function-declaration -Wno-format -Wno-enum-compare -Wno-unused-result -Wno-unused-variable -Wno-unused-but-set-variable -Wno-deprecated -Wno-deprecated-declarations -Wno-char-subscripts -Wno-strict-aliasing -Wno-shift-negative-value -fno-builtin-round -fno-builtin-trunc  conftest.c >&5
conftest.c: In function 'main':
conftest.c:39:18: error: unknown type name 'not'; did you mean 'ino_t'?
   39 |                  not big endian
      |                  ^~~
      |                  ino_t
conftest.c:39:26: error: expected '=', ',', ';', 'asm' or '__attribute__' before 'endian'
   39 |                  not big endian
      |                          ^~~~~~
configure:6629: $? = 1
configure: failed program was:
| /* confdefs.h */
| #define PACKAGE_NAME "odcctools"
| #define PACKAGE_TARNAME "odcctools"
| #define PACKAGE_VERSION "622.3od16"
| #define PACKAGE_STRING "odcctools 622.3od16"
| #define PACKAGE_BUGREPORT "odcctools@opendarwin.org"
| #define PACKAGE_URL ""
| #define YYTEXT_POINTER 1
| #define EMULATED_HOST_CPU_TYPE 18
| #define EMULATED_HOST_CPU_SUBTYPE 100
| #define DEFAULT_MACH_ARCH "ppc"
| #define HAVE_STDIO_H 1
| #define HAVE_STDLIB_H 1
| #define HAVE_STRING_H 1
| #define HAVE_INTTYPES_H 1
| #define HAVE_STDINT_H 1
| #define HAVE_STRINGS_H 1
| #define HAVE_SYS_STAT_H 1
| #define HAVE_SYS_TYPES_H 1
| #define HAVE_UNISTD_H 1
| #define STDC_HEADERS 1
| #define HAVE_UUID_UUID_H /**/
| #define HAVE_OBJC 1
| #define HAVE_STDIO_H 1
| #define HAVE_ERRNO_H 1
| #define HAVE_LIMITS_H 1
| #define HAVE_QSORT_R 1
| #define HAVE_QSORT 1
| #define HAVE_STRLCPY 1
| #define HAVE_DECL_GETC_UNLOCKED 1
| /* end confdefs.h.  */
| #include <sys/types.h>
| 		#include <sys/param.h>
| 
| int
| main (void)
| {
| #if BYTE_ORDER != BIG_ENDIAN
| 		 not big endian
| 		#endif
| 
|   ;
|   return 0;
| }
configure:6763: result: no
configure:6947: creating ./config.status

## ---------------------- ##
## Running config.status. ##
## ---------------------- ##

This file was extended by odcctools config.status 622.3od16, which was
generated by GNU Autoconf 2.71.  Invocation command line was

  CONFIG_FILES    = 
  CONFIG_HEADERS  = 
  CONFIG_LINKS    = 
  CONFIG_COMMANDS = 
  $ ./config.status 

on ACER-NEW-ALF

config.status:856: creating Makefile
config.status:856: creating include/Makefile
config.status:959: WARNING:  'include/Makefile.in' seems to ignore the --datarootdir setting
config.status:856: creating libstuff/Makefile
config.status:856: creating libmacho/Makefile
config.status:856: creating ar/Makefile
config.status:959: WARNING:  'ar/Makefile.in' seems to ignore the --datarootdir setting
config.status:856: creating as/Makefile
config.status:856: creating as/ppc/Makefile
config.status:856: creating as/ppc64/Makefile
config.status:856: creating as/i386/Makefile
config.status:856: creating as/x86_64/Makefile
config.status:856: creating as/arm/Makefile
config.status:856: creating ld/Makefile
config.status:856: creating ld64/Makefile
config.status:856: creating man/Makefile
config.status:856: creating misc/Makefile
config.status:856: creating otool/Makefile
config.status:856: creating include/config.h
config.status:1031: include/config.h is unchanged

## ---------------- ##
## Cache variables. ##
## ---------------- ##

ac_cv_build=i686-pc-cygwin
ac_cv_c_bigendian=no
ac_cv_c_compiler_gnu=yes
ac_cv_c_undeclared_builtin_options='none needed'
ac_cv_cxx_compiler_gnu=yes
ac_cv_env_CCC_set=
ac_cv_env_CCC_value=
ac_cv_env_CC_set=set
ac_cv_env_CC_value='gcc -m32'
ac_cv_env_CFLAGS_set=set
ac_cv_env_CFLAGS_value='-fcommon -Wno-deprecated -Wno-attributes -Wno-maybe-uninitialized -Wno-narrowing -Wno-int-conversion -Wno-address -Wall -Wno-implicit-function-declaration -Wno-format -Wno-enum-compare -Wno-unused-result -Wno-unused-variable -Wno-unused-but-set-variable -Wno-deprecated -Wno-deprecated-declarations -Wno-char-subscripts -Wno-strict-aliasing -Wno-shift-negative-value'
ac_cv_env_CPPFLAGS_set=
ac_cv_env_CPPFLAGS_value=
ac_cv_env_CXXFLAGS_set=
ac_cv_env_CXXFLAGS_value=
ac_cv_env_CXX_set=set
ac_cv_env_CXX_value='g++ -m32'
ac_cv_env_LDFLAGS_set=set
ac_cv_env_LDFLAGS_value=-m32
ac_cv_env_LIBS_set=
ac_cv_env_LIBS_value=
ac_cv_env_YACC_set=
ac_cv_env_YACC_value=
ac_cv_env_YFLAGS_set=
ac_cv_env_YFLAGS_value=
ac_cv_env_build_alias_set=
ac_cv_env_build_alias_value=
ac_cv_env_host_alias_set=
ac_cv_env_host_alias_value=
ac_cv_env_target_alias_set=set
ac_cv_env_target_alias_value=powerpc-apple-darwin8
ac_cv_exeext=.exe
ac_cv_func_NSIsSymbolNameDefined=no
ac_cv_func_getattrlist=no
ac_cv_func_qsort=yes
ac_cv_func_qsort_r=yes
ac_cv_func_strlcpy=yes
ac_cv_func_strmode=no
ac_cv_have_decl_getc_unlocked=yes
ac_cv_header_errno_h=yes
ac_cv_header_inttypes_h=yes
ac_cv_header_limits_h=yes
ac_cv_header_objc_objc_runtime_h=no
ac_cv_header_stdint_h=yes
ac_cv_header_stdio_h=yes
ac_cv_header_stdlib_h=yes
ac_cv_header_string_h=yes
ac_cv_header_strings_h=yes
ac_cv_header_sys_stat_h=yes
ac_cv_header_sys_types_h=yes
ac_cv_header_unistd_h=yes
ac_cv_header_uuid_uuid_h=yes
ac_cv_host=i686-pc-cygwin
ac_cv_lib_lex='none needed'
ac_cv_objext=o
ac_cv_path_EGREP='/usr/bin/grep -E'
ac_cv_path_GREP=/usr/bin/grep
ac_cv_path_install='/usr/bin/install -c'
ac_cv_prog_LEX=flex
ac_cv_prog_YACC='bison -y'
ac_cv_prog_ac_ct_CC='gcc -m32'
ac_cv_prog_ac_ct_HOST_AR=ar
ac_cv_prog_ac_ct_HOST_RANLIB=ranlib
ac_cv_prog_cc_c11=
ac_cv_prog_cc_g=yes
ac_cv_prog_cc_stdc=
ac_cv_prog_cxx_11=no
ac_cv_prog_cxx_cxx11=
ac_cv_prog_cxx_g=yes
ac_cv_prog_cxx_stdcxx=
ac_cv_prog_lex_root=lex.yy
ac_cv_prog_lex_yytext_pointer=yes
ac_cv_search_uuid_generate=-luuid
ac_cv_search_yywrap=-lfl
ac_cv_target=powerpc-apple-darwin8

## ----------------- ##
## Output variables. ##
## ----------------- ##

ASTARGETS='ppc ppc64 i386 x86_64 arm'
CC='gcc -m32'
CFLAGS='-fcommon -Wno-deprecated -Wno-attributes -Wno-maybe-uninitialized -Wno-narrowing -Wno-int-conversion -Wno-address -Wall -Wno-implicit-function-declaration -Wno-format -Wno-enum-compare -Wno-unused-result -Wno-unused-variable -Wno-unused-but-set-variable -Wno-deprecated -Wno-deprecated-declarations -Wno-char-subscripts -Wno-strict-aliasing -Wno-shift-negative-value -fno-builtin-round -fno-builtin-trunc'
COMPONENTS='ar as include libstuff libmacho ld ld64 man misc otool'
CPPFLAGS=''
CXX='g++ -m32'
CXXFLAGS='-g -O2'
DEFS='-DHAVE_CONFIG_H'
ECHO_C=''
ECHO_N='-n'
ECHO_T=''
EGREP='/usr/bin/grep -E'
EMULATED_OBJ='emulated.c'
ENDIAN_FLAG='-D__LITTLE_ENDIAN__=1'
EXEEXT='.exe'
GREP='/usr/bin/grep'
HAVE_FOREIGN_HEADERS='YES'
HAVE_PRIVEXT='NO'
HOST_AR='ar'
HOST_RANLIB='ranlib'
INSTALL_DATA='${INSTALL} -m 644'
INSTALL_PROGRAM='${INSTALL}'
INSTALL_SCRIPT='${INSTALL}'
LDFLAGS='-m32'
LEX='flex'
LEXLIB='-lfl '
LEX_OUTPUT_ROOT='lex.yy'
LIBOBJS=''
LIBS='-luuid '
LN_S='ln -s'
LTLIBOBJS=''
MDYNAMICNOPIC=''
OBJC='-x objective-c'
OBJEXT='o'
PACKAGE_BUGREPORT='odcctools@opendarwin.org'
PACKAGE_NAME='odcctools'
PACKAGE_STRING='odcctools 622.3od16'
PACKAGE_TARNAME='odcctools'
PACKAGE_URL=''
PACKAGE_VERSION='622.3od16'
PATH_SEPARATOR=':'
SHELL='/bin/sh'
WARNINGS=' -Wall -Wno-long-double -Wno-import'
YACC='bison -y'
YFLAGS=''
ac_ct_CC='gcc -m32'
ac_ct_CXX=''
bindir='${exec_prefix}/bin'
build='i686-pc-cygwin'
build_alias=''
build_cpu='i686'
build_os='cygwin'
build_vendor='pc'
datadir='${datarootdir}'
datarootdir='${prefix}/share'
docdir='${datarootdir}/doc/${PACKAGE_TARNAME}'
dvidir='${docdir}'
exec_prefix='${prefix}'
host='i686-pc-cygwin'
host_alias=''
host_cpu='i686'
host_os='cygwin'
host_vendor='pc'
htmldir='${docdir}'
includedir='${prefix}/include'
infodir='${datarootdir}/info'
libdir='${exec_prefix}/lib'
libexecdir='${exec_prefix}/libexec'
localedir='${datarootdir}/locale'
localstatedir='${prefix}/var'
mandir='${datarootdir}/man'
oldincludedir='/usr/include'
pdfdir='${docdir}'
prefix='/usr/usr'
program_transform_name='s&^&powerpc-apple-darwin8-&'
psdir='${docdir}'
runstatedir='${localstatedir}/run'
sbindir='${exec_prefix}/sbin'
sharedstatedir='${prefix}/com'
sysconfdir='${prefix}/etc'
target='powerpc-apple-darwin8'
target_alias='powerpc-apple-darwin8'
target_cpu='powerpc'
target_os='darwin8'
target_vendor='apple'

## ----------- ##
## confdefs.h. ##
## ----------- ##

/* confdefs.h */
#define PACKAGE_NAME "odcctools"
#define PACKAGE_TARNAME "odcctools"
#define PACKAGE_VERSION "622.3od16"
#define PACKAGE_STRING "odcctools 622.3od16"
#define PACKAGE_BUGREPORT "odcctools@opendarwin.org"
#define PACKAGE_URL ""
#define YYTEXT_POINTER 1
#define EMULATED_HOST_CPU_TYPE 18
#define EMULATED_HOST_CPU_SUBTYPE 100
#define DEFAULT_MACH_ARCH "ppc"
#define HAVE_STDIO_H 1
#define HAVE_STDLIB_H 1
#define HAVE_STRING_H 1
#define HAVE_INTTYPES_H 1
#define HAVE_STDINT_H 1
#define HAVE_STRINGS_H 1
#define HAVE_SYS_STAT_H 1
#define HAVE_SYS_TYPES_H 1
#define HAVE_UNISTD_H 1
#define STDC_HEADERS 1
#define HAVE_UUID_UUID_H /**/
#define HAVE_OBJC 1
#define HAVE_STDIO_H 1
#define HAVE_ERRNO_H 1
#define HAVE_LIMITS_H 1
#define HAVE_QSORT_R 1
#define HAVE_QSORT 1
#define HAVE_STRLCPY 1
#define HAVE_DECL_GETC_UNLOCKED 1

configure: exit 0
